mode: set
learn_api/business/users/usercase.go:14.69,19.2 1 1
learn_api/business/users/usercase.go:22.82,23.24 1 1
learn_api/business/users/usercase.go:27.2,27.27 1 1
learn_api/business/users/usercase.go:37.2,39.16 2 1
learn_api/business/users/usercase.go:43.2,43.18 1 1
learn_api/business/users/usercase.go:23.24,25.3 1 0
learn_api/business/users/usercase.go:27.27,29.3 1 0
learn_api/business/users/usercase.go:39.16,41.3 1 0
learn_api/business/users/usercase.go:46.80,48.16 2 0
learn_api/business/users/usercase.go:52.2,52.12 1 0
learn_api/business/users/usercase.go:48.16,50.3 1 0
